- bp-core/bp-core-catchuri.php - Added ability to Redirect logged-in users to the "/home" page not the "/members" page
- bp-core/js/widget-members.min.js - jQuery.noConflict();
- bp-groups/js/widget-groups.min.js - jQuery.noConflict();
- bp-members/bp-members-screens.php - Added ability to Redirect logged-in users to the "/home" page not the "/members" page
- bp-messages/bp-messages/template - made search <input> into <button>
- bp-templates/bp-legacy/buddypress/groups/groups-loop.php - Added ability to click on groups <li> tag and do a javascript onClick to make the action button bigger
- bp-templates/bp-legacy/buddypress/members/index.php - rearranged the members list
- bp-templates/bp-legacy/buddypress/members/members-loop.php - Increased the avatar size of members
- bp-templates/bp-legacy/buddypress/members/single/friends/requests.php - made <a> tag to wrap <div>
- bp-templates/bp-legacy/buddypress/members/single/messages/compose.php - added ability to charge mycred for composing a new message
- bp-templates/bp-legacy/js/buddypress.min.js - minified modified (bp-themes/bp-default/_inc/global.js) Changed Activity Form 'animation' upon clicking the textarea (made it only open once, and stay open) jq(this).closest("#whats-new-form").addClass('show-me');
- hid the mentions{$min}.js file from loading
old fixes



- bp-activity/bp-activity-template.php made delete icon
- bp-blogs/bp-blogs-template.php - added search icon
- bp-forums/bp-forums-template.php - added search icon
- bp-groups/bp-groups-template.php - added search icon
- bp-groups/bp-groups-template.php - create group icon
- bp-members/bp-members-template.php - added search icon
- bp-templates/bp-legacy/buddypress/activity/entry.php - bp-themes/bp-default/activity/entry.php - added panel css class - added comment & fav icon - added Featured Image of post
- bp-themes/bp-default/groups/index.php - create group icon
- bp-core/bp-core-catchuri.php - Added ability to Redirect logged-in users to the "/home" page not the "/members" page
- bp-core/js/widget-members.min.js - jQuery.noConflict();
- bp-groups/js/widget-groups.min.js - jQuery.noConflict();
- bp-members/bp-members-screens.php - Added ability to Redirect logged-in users to the "/home" page not the "/members" page
- bp-messages/bp-messages/template - made search <input> into <button>
- bp-templates/bp-legacy/buddypress/groups/groups-loop.php - Added ability to click on groups <li> tag and do a javascript onClick to make the action button bigger
- bp-templates/bp-legacy/buddypress/members/index.php - rearranged the members list
- bp-templates/bp-legacy/buddypress/members/members-loop.php - Increased the avatar size of members
- bp-templates/bp-legacy/buddypress/members/single/friends/requests.php - made <a> tag to wrap <div>
- bp-templates/bp-legacy/buddypress/members/single/messages/compose.php - added ability to charge mycred for composing a new message
- bp-templates/bp-legacy/js/buddypress.min.js - minified modified (bp-themes/bp-default/_inc/global.js) Changed Activity Form 'animation' upon clicking the textarea (made it only open once, and stay open) jq(this).closest("#whats-new-form").addClass('show-me');
- hid the mentions{$min}.js file from loading
old fixes



- bp-activity/bp-activity-template.php made delete icon
- bp-blogs/bp-blogs-template.php - added search icon
- bp-forums/bp-forums-template.php - added search icon
- bp-groups/bp-groups-template.php - added search icon
- bp-groups/bp-groups-template.php - create group icon
- bp-members/bp-members-template.php - added search icon
- bp-templates/bp-legacy/buddypress/activity/entry.php - bp-themes/bp-default/activity/entry.php - added panel css class - added comment & fav icon - added Featured Image of post
- bp-themes/bp-default/groups/index.php - create group icon
